# JRE version: Java(TM) SE Runtime Environment (8.0_25-b17) (build 1.8.0_25-b17)
# Java VM: Java HotSpot(TM) 64-Bit Server VM (25.25-b02 mixed mode linux-amd64 compressed oops)
Heap:
 PSYoungGen      total 58368K, used 43675K [0x00000000fab00000, 0x0000000100000000, 0x0000000100000000)
  eden space 29696K, 57% used [0x00000000fab00000,0x00000000fbbcdc80,0x00000000fc800000)
  from space 28672K, 92% used [0x00000000fe400000,0x00000000ffdd90b0,0x0000000100000000)
  to   space 28672K, 0% used [0x00000000fc800000,0x00000000fc800000,0x00000000fe400000)
 ParOldGen       total 175104K, used 122175K [0x00000000f0000000, 0x00000000fab00000, 0x00000000fab00000)
  object space 175104K, 69% used [0x00000000f0000000,0x00000000f774ffb8,0x00000000fab00000)
 Metaspace       used 29417K, capacity 30244K, committed 30592K, reserved 1077248K
  class space    used 2908K, capacity 3100K, committed 3200K, reserved 1048576K
GC Heap History (10 events):
Event: 37.150 GC heap before
{Heap before GC invocations=131 (full 33):
 PSYoungGen      total 56320K, used 48582K [0x00000000fab00000, 0x00000000fff00000, 0x0000000100000000)
  eden space 31744K, 99% used [0x00000000fab00000,0x00000000fc9c30a0,0x00000000fca00000)
  from space 24576K, 69% used [0x00000000fca00000,0x00000000fdaaea18,0x00000000fe200000)
  to   space 26624K, 0% used [0x00000000fe500000,0x00000000fe500000,0x00000000fff00000)
 ParOldGen       total 175104K, used 110503K [0x00000000f0000000, 0x00000000fab00000, 0x00000000fab00000)
  object space 175104K, 63% used [0x00000000f0000000,0x00000000f6be9e08,0x00000000fab00000)
 Metaspace       used 29242K, capacity 29962K, committed 30208K, reserved 1077248K
  class space    used 2885K, capacity 3037K, committed 3072K, reserved 1048576K
Event: 37.595 GC heap after
Heap after GC invocations=131 (full 33):
 PSYoungGen      total 56320K, used 25917K [0x00000000fab00000, 0x0000000100000000, 0x0000000100000000)
  eden space 29696K, 0% used [0x00000000fab00000,0x00000000fab00000,0x00000000fc800000)
  from space 26624K, 97% used [0x00000000fe500000,0x00000000ffe4f5f8,0x00000000fff00000)
  to   space 28672K, 0% used [0x00000000fc800000,0x00000000fc800000,0x00000000fe400000)
 ParOldGen       total 175104K, used 110511K [0x00000000f0000000, 0x00000000fab00000, 0x00000000fab00000)
  object space 175104K, 63% used [0x00000000f0000000,0x00000000f6bebe08,0x00000000fab00000)
 Metaspace       used 29242K, capacity 29962K, committed 30208K, reserved 1077248K
  class space    used 2885K, capacity 3037K, committed 3072K, reserved 1048576K
}
Event: 38.449 GC heap before
{Heap before GC invocations=132 (full 33):
 PSYoungGen      total 56320K, used 55613K [0x00000000fab00000, 0x0000000100000000, 0x0000000100000000)
  eden space 29696K, 100% used [0x00000000fab00000,0x00000000fc800000,0x00000000fc800000)
  from space 26624K, 97% used [0x00000000fe500000,0x00000000ffe4f5f8,0x00000000fff00000)
  to   space 28672K, 0% used [0x00000000fc800000,0x00000000fc800000,0x00000000fe400000)
 ParOldGen       total 175104K, used 110511K [0x00000000f0000000, 0x00000000fab00000, 0x00000000fab00000)
  object space 175104K, 63% used [0x00000000f0000000,0x00000000f6bebe08,0x00000000fab00000)
 Metaspace       used 29401K, capacity 30232K, committed 30336K, reserved 1077248K
  class space    used 2907K, capacity 3098K, committed 3200K, reserved 1048576K
Event: 38.513 GC heap after
Heap after GC invocations=132 (full 33):
 PSYoungGen      total 58368K, used 22873K [0x00000000fab00000, 0x0000000100000000, 0x0000000100000000)
  eden space 29696K, 0% used [0x00000000fab00000,0x00000000fab00000,0x00000000fc800000)
  from space 28672K, 79% used [0x00000000fc800000,0x00000000fde56628,0x00000000fe400000)
  to   space 28672K, 0% used [0x00000000fe400000,0x00000000fe400000,0x0000000100000000)
 ParOldGen       total 175104K, used 110511K [0x00000000f0000000, 0x00000000fab00000, 0x00000000fab00000)
  object space 175104K, 63% used [0x00000000f0000000,0x00000000f6bebe08,0x00000000fab00000)
 Metaspace       used 29401K, capacity 30232K, committed 30336K, reserved 1077248K
  class space    used 2907K, capacity 3098K, committed 3200K, reserved 1048576K
}
Event: 38.631 GC heap before
{Heap before GC invocations=133 (full 33):
 PSYoungGen      total 58368K, used 52569K [0x00000000fab00000, 0x0000000100000000, 0x0000000100000000)
  eden space 29696K, 100% used [0x00000000fab00000,0x00000000fc800000,0x00000000fc800000)
  from space 28672K, 79% used [0x00000000fc800000,0x00000000fde56628,0x00000000fe400000)
  to   space 28672K, 0% used [0x00000000fe400000,0x00000000fe400000,0x0000000100000000)
 ParOldGen       total 175104K, used 110511K [0x00000000f0000000, 0x00000000fab00000, 0x00000000fab00000)
  object space 175104K, 63% used [0x00000000f0000000,0x00000000f6bebe08,0x00000000fab00000)
 Metaspace       used 29406K, capacity 30232K, committed 30336K, reserved 1077248K
  class space    used 2907K, capacity 3098K, committed 3200K, reserved 1048576K
Event: 38.666 GC heap after
Heap after GC invocations=133 (full 33):
 PSYoungGen      total 58368K, used 28670K [0x00000000fab00000, 0x0000000100000000, 0x0000000100000000)
  eden space 29696K, 0% used [0x00000000fab00000,0x00000000fab00000,0x00000000fc800000)
  from space 28672K, 99% used [0x00000000fe400000,0x00000000fffff998,0x0000000100000000)
  to   space 28672K, 0% used [0x00000000fc800000,0x00000000fc800000,0x00000000fe400000)
 ParOldGen       total 175104K, used 113499K [0x00000000f0000000, 0x00000000fab00000, 0x00000000fab00000)
  object space 175104K, 64% used [0x00000000f0000000,0x00000000f6ed6e38,0x00000000fab00000)
 Metaspace       used 29406K, capacity 30232K, committed 30336K, reserved 1077248K
  class space    used 2907K, capacity 3098K, committed 3200K, reserved 1048576K
}
Event: 39.179 GC heap before
{Heap before GC invocations=134 (full 33):
 PSYoungGen      total 58368K, used 58366K [0x00000000fab00000, 0x0000000100000000, 0x0000000100000000)
  eden space 29696K, 100% used [0x00000000fab00000,0x00000000fc800000,0x00000000fc800000)
  from space 28672K, 99% used [0x00000000fe400000,0x00000000fffff998,0x0000000100000000)
  to   space 28672K, 0% used [0x00000000fc800000,0x00000000fc800000,0x00000000fe400000)
 ParOldGen       total 175104K, used 113499K [0x00000000f0000000, 0x00000000fab00000, 0x00000000fab00000)
  object space 175104K, 64% used [0x00000000f0000000,0x00000000f6ed6e38,0x00000000fab00000)
 Metaspace       used 29417K, capacity 30244K, committed 30592K, reserved 1077248K
  class space    used 2908K, capacity 3100K, committed 3200K, reserved 1048576K
Event: 39.199 GC heap after
Heap after GC invocations=134 (full 33):
 PSYoungGen      total 58368K, used 28657K [0x00000000fab00000, 0x0000000100000000, 0x0000000100000000)
  eden space 29696K, 0% used [0x00000000fab00000,0x00000000fab00000,0x00000000fc800000)
  from space 28672K, 99% used [0x00000000fc800000,0x00000000fe3fc420,0x00000000fe400000)
  to   space 28672K, 0% used [0x00000000fe400000,0x00000000fe400000,0x0000000100000000)
 ParOldGen       total 175104K, used 117831K [0x00000000f0000000, 0x00000000fab00000, 0x00000000fab00000)
  object space 175104K, 67% used [0x00000000f0000000,0x00000000f7311f98,0x00000000fab00000)
 Metaspace       used 29417K, capacity 30244K, committed 30592K, reserved 1077248K
  class space    used 2908K, capacity 3100K, committed 3200K, reserved 1048576K
}
Event: 39.347 GC heap before
{Heap before GC invocations=135 (full 33):
 PSYoungGen      total 58368K, used 58353K [0x00000000fab00000, 0x0000000100000000, 0x0000000100000000)
  eden space 29696K, 100% used [0x00000000fab00000,0x00000000fc800000,0x00000000fc800000)
  from space 28672K, 99% used [0x00000000fc800000,0x00000000fe3fc420,0x00000000fe400000)
  to   space 28672K, 0% used [0x00000000fe400000,0x00000000fe400000,0x0000000100000000)
 ParOldGen       total 175104K, used 117831K [0x00000000f0000000, 0x00000000fab00000, 0x00000000fab00000)
  object space 175104K, 67% used [0x00000000f0000000,0x00000000f7311f98,0x00000000fab00000)
 Metaspace       used 29417K, capacity 30244K, committed 30592K, reserved 1077248K
  class space    used 2908K, capacity 3100K, committed 3200K, reserved 1048576K
Event: 39.366 GC heap after
Heap after GC invocations=135 (full 33):
 PSYoungGen      total 58368K, used 26468K [0x00000000fab00000, 0x0000000100000000, 0x0000000100000000)
  eden space 29696K, 0% used [0x00000000fab00000,0x00000000fab00000,0x00000000fc800000)
  from space 28672K, 92% used [0x00000000fe400000,0x00000000ffdd90b0,0x0000000100000000)
  to   space 28672K, 0% used [0x00000000fc800000,0x00000000fc800000,0x00000000fe400000)
 ParOldGen       total 175104K, used 122175K [0x00000000f0000000, 0x00000000fab00000, 0x00000000fab00000)
  object space 175104K, 69% used [0x00000000f0000000,0x00000000f774ffb8,0x00000000fab00000)
 Metaspace       used 29417K, capacity 30244K, committed 30592K, reserved 1077248K
  class space    used 2908K, capacity 3100K, committed 3200K, reserved 1048576K
}

