# JRE version: Java(TM) SE Runtime Environment (8.0_25-b17) (build 1.8.0_25-b17)
# Java VM: Java HotSpot(TM) 64-Bit Server VM (25.25-b02 mixed mode linux-amd64 compressed oops)
Heap:
 PSYoungGen      total 58368K, used 15818K [0x00000000fab00000, 0x0000000100000000, 0x0000000100000000)
  eden space 29696K, 3% used [0x00000000fab00000,0x00000000fac282b0,0x00000000fc800000)
  from space 28672K, 51% used [0x00000000fc800000,0x00000000fd64a8c0,0x00000000fe400000)
  to   space 28672K, 0% used [0x00000000fe400000,0x00000000fe400000,0x0000000100000000)
 ParOldGen       total 138240K, used 117867K [0x00000000f0000000, 0x00000000f8700000, 0x00000000fab00000)
  object space 138240K, 85% used [0x00000000f0000000,0x00000000f731ad18,0x00000000f8700000)
 Metaspace       used 15142K, capacity 15522K, committed 15872K, reserved 1062912K
  class space    used 1606K, capacity 1683K, committed 1792K, reserved 1048576K
GC Heap History (10 events):
Event: 6.446 GC heap before
{Heap before GC invocations=13 (full 2):
 PSYoungGen      total 58368K, used 29696K [0x00000000fab00000, 0x0000000100000000, 0x0000000100000000)
  eden space 29696K, 100% used [0x00000000fab00000,0x00000000fc800000,0x00000000fc800000)
  from space 28672K, 0% used [0x00000000fe400000,0x00000000fe400000,0x0000000100000000)
  to   space 28672K, 0% used [0x00000000fc800000,0x00000000fc800000,0x00000000fe400000)
 ParOldGen       total 138240K, used 83492K [0x00000000f0000000, 0x00000000f8700000, 0x00000000fab00000)
  object space 138240K, 60% used [0x00000000f0000000,0x00000000f5189258,0x00000000f8700000)
 Metaspace       used 14540K, capacity 14850K, committed 14976K, reserved 1062912K
  class space    used 1574K, capacity 1651K, committed 1664K, reserved 1048576K
Event: 6.457 GC heap after
Heap after GC invocations=13 (full 2):
 PSYoungGen      total 58368K, used 6980K [0x00000000fab00000, 0x0000000100000000, 0x0000000100000000)
  eden space 29696K, 0% used [0x00000000fab00000,0x00000000fab00000,0x00000000fc800000)
  from space 28672K, 24% used [0x00000000fc800000,0x00000000fced11d8,0x00000000fe400000)
  to   space 28672K, 0% used [0x00000000fe400000,0x00000000fe400000,0x0000000100000000)
 ParOldGen       total 138240K, used 83492K [0x00000000f0000000, 0x00000000f8700000, 0x00000000fab00000)
  object space 138240K, 60% used [0x00000000f0000000,0x00000000f5189258,0x00000000f8700000)
 Metaspace       used 14540K, capacity 14850K, committed 14976K, reserved 1062912K
  class space    used 1574K, capacity 1651K, committed 1664K, reserved 1048576K
}
Event: 6.869 GC heap before
{Heap before GC invocations=14 (full 2):
 PSYoungGen      total 58368K, used 36676K [0x00000000fab00000, 0x0000000100000000, 0x0000000100000000)
  eden space 29696K, 100% used [0x00000000fab00000,0x00000000fc800000,0x00000000fc800000)
  from space 28672K, 24% used [0x00000000fc800000,0x00000000fced11d8,0x00000000fe400000)
  to   space 28672K, 0% used [0x00000000fe400000,0x00000000fe400000,0x0000000100000000)
 ParOldGen       total 138240K, used 83492K [0x00000000f0000000, 0x00000000f8700000, 0x00000000fab00000)
  object space 138240K, 60% used [0x00000000f0000000,0x00000000f5189258,0x00000000f8700000)
 Metaspace       used 14603K, capacity 14914K, committed 14976K, reserved 1062912K
  class space    used 1574K, capacity 1651K, committed 1664K, reserved 1048576K
Event: 6.984 GC heap after
Heap after GC invocations=14 (full 2):
 PSYoungGen      total 58368K, used 12056K [0x00000000fab00000, 0x0000000100000000, 0x0000000100000000)
  eden space 29696K, 0% used [0x00000000fab00000,0x00000000fab00000,0x00000000fc800000)
  from space 28672K, 42% used [0x00000000fe400000,0x00000000fefc6380,0x0000000100000000)
  to   space 28672K, 0% used [0x00000000fc800000,0x00000000fc800000,0x00000000fe400000)
 ParOldGen       total 138240K, used 89040K [0x00000000f0000000, 0x00000000f8700000, 0x00000000fab00000)
  object space 138240K, 64% used [0x00000000f0000000,0x00000000f56f4320,0x00000000f8700000)
 Metaspace       used 14603K, capacity 14914K, committed 14976K, reserved 1062912K
  class space    used 1574K, capacity 1651K, committed 1664K, reserved 1048576K
}
Event: 7.259 GC heap before
{Heap before GC invocations=15 (full 2):
 PSYoungGen      total 58368K, used 41752K [0x00000000fab00000, 0x0000000100000000, 0x0000000100000000)
  eden space 29696K, 100% used [0x00000000fab00000,0x00000000fc800000,0x00000000fc800000)
  from space 28672K, 42% used [0x00000000fe400000,0x00000000fefc6380,0x0000000100000000)
  to   space 28672K, 0% used [0x00000000fc800000,0x00000000fc800000,0x00000000fe400000)
 ParOldGen       total 138240K, used 89040K [0x00000000f0000000, 0x00000000f8700000, 0x00000000fab00000)
  object space 138240K, 64% used [0x00000000f0000000,0x00000000f56f4320,0x00000000f8700000)
 Metaspace       used 14615K, capacity 14914K, committed 14976K, reserved 1062912K
  class space    used 1574K, capacity 1651K, committed 1664K, reserved 1048576K
Event: 7.584 GC heap after
Heap after GC invocations=15 (full 2):
 PSYoungGen      total 58368K, used 11973K [0x00000000fab00000, 0x0000000100000000, 0x0000000100000000)
  eden space 29696K, 0% used [0x00000000fab00000,0x00000000fab00000,0x00000000fc800000)
  from space 28672K, 41% used [0x00000000fc800000,0x00000000fd3b1768,0x00000000fe400000)
  to   space 28672K, 0% used [0x00000000fe400000,0x00000000fe400000,0x0000000100000000)
 ParOldGen       total 138240K, used 98600K [0x00000000f0000000, 0x00000000f8700000, 0x00000000fab00000)
  object space 138240K, 71% used [0x00000000f0000000,0x00000000f604a190,0x00000000f8700000)
 Metaspace       used 14615K, capacity 14914K, committed 14976K, reserved 1062912K
  class space    used 1574K, capacity 1651K, committed 1664K, reserved 1048576K
}
Event: 7.993 GC heap before
{Heap before GC invocations=16 (full 2):
 PSYoungGen      total 58368K, used 41669K [0x00000000fab00000, 0x0000000100000000, 0x0000000100000000)
  eden space 29696K, 100% used [0x00000000fab00000,0x00000000fc800000,0x00000000fc800000)
  from space 28672K, 41% used [0x00000000fc800000,0x00000000fd3b1768,0x00000000fe400000)
  to   space 28672K, 0% used [0x00000000fe400000,0x00000000fe400000,0x0000000100000000)
 ParOldGen       total 138240K, used 98600K [0x00000000f0000000, 0x00000000f8700000, 0x00000000fab00000)
  object space 138240K, 71% used [0x00000000f0000000,0x00000000f604a190,0x00000000f8700000)
 Metaspace       used 14616K, capacity 14914K, committed 14976K, reserved 1062912K
  class space    used 1574K, capacity 1651K, committed 1664K, reserved 1048576K
Event: 8.344 GC heap after
Heap after GC invocations=16 (full 2):
 PSYoungGen      total 58368K, used 12198K [0x00000000fab00000, 0x0000000100000000, 0x0000000100000000)
  eden space 29696K, 0% used [0x00000000fab00000,0x00000000fab00000,0x00000000fc800000)
  from space 28672K, 42% used [0x00000000fe400000,0x00000000fefe9bc0,0x0000000100000000)
  to   space 28672K, 0% used [0x00000000fc800000,0x00000000fc800000,0x00000000fe400000)
 ParOldGen       total 138240K, used 108119K [0x00000000f0000000, 0x00000000f8700000, 0x00000000fab00000)
  object space 138240K, 78% used [0x00000000f0000000,0x00000000f6995c18,0x00000000f8700000)
 Metaspace       used 14616K, capacity 14914K, committed 14976K, reserved 1062912K
  class space    used 1574K, capacity 1651K, committed 1664K, reserved 1048576K
}
Event: 9.644 GC heap before
{Heap before GC invocations=17 (full 2):
 PSYoungGen      total 58368K, used 41894K [0x00000000fab00000, 0x0000000100000000, 0x0000000100000000)
  eden space 29696K, 100% used [0x00000000fab00000,0x00000000fc800000,0x00000000fc800000)
  from space 28672K, 42% used [0x00000000fe400000,0x00000000fefe9bc0,0x0000000100000000)
  to   space 28672K, 0% used [0x00000000fc800000,0x00000000fc800000,0x00000000fe400000)
 ParOldGen       total 138240K, used 108119K [0x00000000f0000000, 0x00000000f8700000, 0x00000000fab00000)
  object space 138240K, 78% used [0x00000000f0000000,0x00000000f6995c18,0x00000000f8700000)
 Metaspace       used 15142K, capacity 15522K, committed 15872K, reserved 1062912K
  class space    used 1606K, capacity 1683K, committed 1792K, reserved 1048576K
Event: 10.460 GC heap after
Heap after GC invocations=17 (full 2):
 PSYoungGen      total 58368K, used 14634K [0x00000000fab00000, 0x0000000100000000, 0x0000000100000000)
  eden space 29696K, 0% used [0x00000000fab00000,0x00000000fab00000,0x00000000fc800000)
  from space 28672K, 51% used [0x00000000fc800000,0x00000000fd64a8c0,0x00000000fe400000)
  to   space 28672K, 0% used [0x00000000fe400000,0x00000000fe400000,0x0000000100000000)
 ParOldGen       total 138240K, used 117867K [0x00000000f0000000, 0x00000000f8700000, 0x00000000fab00000)
  object space 138240K, 85% used [0x00000000f0000000,0x00000000f731ad18,0x00000000f8700000)
 Metaspace       used 15142K, capacity 15522K, committed 15872K, reserved 1062912K
  class space    used 1606K, capacity 1683K, committed 1792K, reserved 1048576K
}

