# JRE version: Java(TM) SE Runtime Environment (8.0_25-b17) (build 1.8.0_25-b17)
# Java VM: Java HotSpot(TM) 64-Bit Server VM (25.25-b02 mixed mode linux-amd64 compressed oops)
Heap:
 PSYoungGen      total 55808K, used 23391K [0x00000000fab00000, 0x00000000ffc00000, 0x0000000100000000)
  eden space 29696K, 0% used [0x00000000fab00000,0x00000000fab00000,0x00000000fc800000)
  from space 26112K, 89% used [0x00000000fe280000,0x00000000ff957f18,0x00000000ffc00000)
  to   space 25088K, 0% used [0x00000000fc800000,0x00000000fc800000,0x00000000fe080000)
 ParOldGen       total 175104K, used 110597K [0x00000000f0000000, 0x00000000fab00000, 0x00000000fab00000)
  object space 175104K, 63% used [0x00000000f0000000,0x00000000f6c01400,0x00000000fab00000)
 Metaspace       used 29280K, capacity 29962K, committed 30208K, reserved 1077248K
  class space    used 2890K, capacity 3037K, committed 3072K, reserved 1048576K
GC Heap History (10 events):
Event: 41.987 GC heap after
Heap after GC invocations=128 (full 41):
 PSYoungGen      total 49664K, used 13467K [0x00000000fab00000, 0x00000000ff300000, 0x0000000100000000)
  eden space 30208K, 0% used [0x00000000fab00000,0x00000000fab00000,0x00000000fc880000)
  from space 19456K, 69% used [0x00000000fc880000,0x00000000fd5a6e98,0x00000000fdb80000)
  to   space 21504K, 0% used [0x00000000fde00000,0x00000000fde00000,0x00000000ff300000)
 ParOldGen       total 175104K, used 110573K [0x00000000f0000000, 0x00000000fab00000, 0x00000000fab00000)
  object space 175104K, 63% used [0x00000000f0000000,0x00000000f6bfb400,0x00000000fab00000)
 Metaspace       used 28975K, capacity 29674K, committed 29952K, reserved 1077248K
  class space    used 2859K, capacity 3005K, committed 3072K, reserved 1048576K
}
Event: 42.097 GC heap before
{Heap before GC invocations=129 (full 41):
 PSYoungGen      total 49664K, used 43675K [0x00000000fab00000, 0x00000000ff300000, 0x0000000100000000)
  eden space 30208K, 100% used [0x00000000fab00000,0x00000000fc880000,0x00000000fc880000)
  from space 19456K, 69% used [0x00000000fc880000,0x00000000fd5a6e98,0x00000000fdb80000)
  to   space 21504K, 0% used [0x00000000fde00000,0x00000000fde00000,0x00000000ff300000)
 ParOldGen       total 175104K, used 110573K [0x00000000f0000000, 0x00000000fab00000, 0x00000000fab00000)
  object space 175104K, 63% used [0x00000000f0000000,0x00000000f6bfb400,0x00000000fab00000)
 Metaspace       used 29023K, capacity 29738K, committed 29952K, reserved 1077248K
  class space    used 2864K, capacity 3005K, committed 3072K, reserved 1048576K
Event: 42.126 GC heap after
Heap after GC invocations=129 (full 41):
 PSYoungGen      total 50688K, used 13696K [0x00000000fab00000, 0x00000000ff680000, 0x0000000100000000)
  eden space 29184K, 0% used [0x00000000fab00000,0x00000000fab00000,0x00000000fc780000)
  from space 21504K, 63% used [0x00000000fde00000,0x00000000feb60308,0x00000000ff300000)
  to   space 23040K, 0% used [0x00000000fc780000,0x00000000fc780000,0x00000000fde00000)
 ParOldGen       total 175104K, used 110573K [0x00000000f0000000, 0x00000000fab00000, 0x00000000fab00000)
  object space 175104K, 63% used [0x00000000f0000000,0x00000000f6bfb400,0x00000000fab00000)
 Metaspace       used 29023K, capacity 29738K, committed 29952K, reserved 1077248K
  class space    used 2864K, capacity 3005K, committed 3072K, reserved 1048576K
}
Event: 42.224 GC heap before
{Heap before GC invocations=130 (full 41):
 PSYoungGen      total 50688K, used 42880K [0x00000000fab00000, 0x00000000ff680000, 0x0000000100000000)
  eden space 29184K, 100% used [0x00000000fab00000,0x00000000fc780000,0x00000000fc780000)
  from space 21504K, 63% used [0x00000000fde00000,0x00000000feb60308,0x00000000ff300000)
  to   space 23040K, 0% used [0x00000000fc780000,0x00000000fc780000,0x00000000fde00000)
 ParOldGen       total 175104K, used 110573K [0x00000000f0000000, 0x00000000fab00000, 0x00000000fab00000)
  object space 175104K, 63% used [0x00000000f0000000,0x00000000f6bfb400,0x00000000fab00000)
 Metaspace       used 29026K, capacity 29738K, committed 29952K, reserved 1077248K
  class space    used 2864K, capacity 3005K, committed 3072K, reserved 1048576K
Event: 42.244 GC heap after
Heap after GC invocations=130 (full 41):
 PSYoungGen      total 52224K, used 13776K [0x00000000fab00000, 0x00000000ff880000, 0x0000000100000000)
  eden space 29184K, 0% used [0x00000000fab00000,0x00000000fab00000,0x00000000fc780000)
  from space 23040K, 59% used [0x00000000fc780000,0x00000000fd4f42f8,0x00000000fde00000)
  to   space 24576K, 0% used [0x00000000fe080000,0x00000000fe080000,0x00000000ff880000)
 ParOldGen       total 175104K, used 110573K [0x00000000f0000000, 0x00000000fab00000, 0x00000000fab00000)
  object space 175104K, 63% used [0x00000000f0000000,0x00000000f6bfb400,0x00000000fab00000)
 Metaspace       used 29026K, capacity 29738K, committed 29952K, reserved 1077248K
  class space    used 2864K, capacity 3005K, committed 3072K, reserved 1048576K
}
Event: 42.340 GC heap before
{Heap before GC invocations=131 (full 41):
 PSYoungGen      total 52224K, used 42960K [0x00000000fab00000, 0x00000000ff880000, 0x0000000100000000)
  eden space 29184K, 100% used [0x00000000fab00000,0x00000000fc780000,0x00000000fc780000)
  from space 23040K, 59% used [0x00000000fc780000,0x00000000fd4f42f8,0x00000000fde00000)
  to   space 24576K, 0% used [0x00000000fe080000,0x00000000fe080000,0x00000000ff880000)
 ParOldGen       total 175104K, used 110573K [0x00000000f0000000, 0x00000000fab00000, 0x00000000fab00000)
  object space 175104K, 63% used [0x00000000f0000000,0x00000000f6bfb400,0x00000000fab00000)
 Metaspace       used 29027K, capacity 29738K, committed 29952K, reserved 1077248K
  class space    used 2864K, capacity 3005K, committed 3072K, reserved 1048576K
Event: 42.360 GC heap after
Heap after GC invocations=131 (full 41):
 PSYoungGen      total 54272K, used 13899K [0x00000000fab00000, 0x00000000ff980000, 0x0000000100000000)
  eden space 29696K, 0% used [0x00000000fab00000,0x00000000fab00000,0x00000000fc800000)
  from space 24576K, 56% used [0x00000000fe080000,0x00000000fee12e88,0x00000000ff880000)
  to   space 25088K, 0% used [0x00000000fc800000,0x00000000fc800000,0x00000000fe080000)
 ParOldGen       total 175104K, used 110581K [0x00000000f0000000, 0x00000000fab00000, 0x00000000fab00000)
  object space 175104K, 63% used [0x00000000f0000000,0x00000000f6bfd400,0x00000000fab00000)
 Metaspace       used 29027K, capacity 29738K, committed 29952K, reserved 1077248K
  class space    used 2864K, capacity 3005K, committed 3072K, reserved 1048576K
}
Event: 42.468 GC heap before
{Heap before GC invocations=132 (full 41):
 PSYoungGen      total 54272K, used 43595K [0x00000000fab00000, 0x00000000ff980000, 0x0000000100000000)
  eden space 29696K, 100% used [0x00000000fab00000,0x00000000fc800000,0x00000000fc800000)
  from space 24576K, 56% used [0x00000000fe080000,0x00000000fee12e88,0x00000000ff880000)
  to   space 25088K, 0% used [0x00000000fc800000,0x00000000fc800000,0x00000000fe080000)
 ParOldGen       total 175104K, used 110581K [0x00000000f0000000, 0x00000000fab00000, 0x00000000fab00000)
  object space 175104K, 63% used [0x00000000f0000000,0x00000000f6bfd400,0x00000000fab00000)
 Metaspace       used 29098K, capacity 29802K, committed 29952K, reserved 1077248K
  class space    used 2875K, capacity 3005K, committed 3072K, reserved 1048576K
Event: 42.482 GC heap after
Heap after GC invocations=132 (full 41):
 PSYoungGen      total 54784K, used 14384K [0x00000000fab00000, 0x00000000ffc00000, 0x0000000100000000)
  eden space 29696K, 0% used [0x00000000fab00000,0x00000000fab00000,0x00000000fc800000)
  from space 25088K, 57% used [0x00000000fc800000,0x00000000fd60c2e8,0x00000000fe080000)
  to   space 26112K, 0% used [0x00000000fe280000,0x00000000fe280000,0x00000000ffc00000)
 ParOldGen       total 175104K, used 110589K [0x00000000f0000000, 0x00000000fab00000, 0x00000000fab00000)
  object space 175104K, 63% used [0x00000000f0000000,0x00000000f6bff400,0x00000000fab00000)
 Metaspace       used 29098K, capacity 29802K, committed 29952K, reserved 1077248K
  class space    used 2875K, capacity 3005K, committed 3072K, reserved 1048576K
}
Event: 42.716 GC heap before
{Heap before GC invocations=133 (full 41):
 PSYoungGen      total 54784K, used 44080K [0x00000000fab00000, 0x00000000ffc00000, 0x0000000100000000)
  eden space 29696K, 100% used [0x00000000fab00000,0x00000000fc800000,0x00000000fc800000)
  from space 25088K, 57% used [0x00000000fc800000,0x00000000fd60c2e8,0x00000000fe080000)
  to   space 26112K, 0% used [0x00000000fe280000,0x00000000fe280000,0x00000000ffc00000)
 ParOldGen       total 175104K, used 110589K [0x00000000f0000000, 0x00000000fab00000, 0x00000000fab00000)
  object space 175104K, 63% used [0x00000000f0000000,0x00000000f6bff400,0x00000000fab00000)
 Metaspace       used 29280K, capacity 29962K, committed 30208K, reserved 1077248K
  class space    used 2890K, capacity 3037K, committed 3072K, reserved 1048576K

