# JRE version: Java(TM) SE Runtime Environment (8.0_25-b17) (build 1.8.0_25-b17)
# Java VM: Java HotSpot(TM) 64-Bit Server VM (25.25-b02 mixed mode linux-amd64 compressed oops)
Heap:
 PSYoungGen      total 58368K, used 0K [0x00000000fab00000, 0x0000000100000000, 0x0000000100000000)
  eden space 29696K, 0% used [0x00000000fab00000,0x00000000fab00000,0x00000000fc800000)
  from space 28672K, 0% used [0x00000000fe400000,0x00000000fe400000,0x0000000100000000)
  to   space 28672K, 0% used [0x00000000fc800000,0x00000000fc800000,0x00000000fe400000)
 ParOldGen       total 87552K, used 83720K [0x00000000f0000000, 0x00000000f5580000, 0x00000000fab00000)
  object space 87552K, 95% used [0x00000000f0000000,0x00000000f51c23e8,0x00000000f5580000)
 Metaspace       used 14004K, capacity 14386K, committed 14464K, reserved 1062912K
  class space    used 1559K, capacity 1651K, committed 1664K, reserved 1048576K
GC Heap History (10 events):
Event: 4.101 GC heap after
Heap after GC invocations=7 (full 0):
 PSYoungGen      total 69632K, used 17380K [0x00000000fab00000, 0x0000000100000000, 0x0000000100000000)
  eden space 52224K, 0% used [0x00000000fab00000,0x00000000fab00000,0x00000000fde00000)
  from space 17408K, 99% used [0x00000000fde00000,0x00000000feef90d0,0x00000000fef00000)
  to   space 17408K, 0% used [0x00000000fef00000,0x00000000fef00000,0x0000000100000000)
 ParOldGen       total 45568K, used 45310K [0x00000000f0000000, 0x00000000f2c80000, 0x00000000fab00000)
  object space 45568K, 99% used [0x00000000f0000000,0x00000000f2c3f900,0x00000000f2c80000)
 Metaspace       used 12432K, capacity 12754K, committed 12800K, reserved 1060864K
  class space    used 1422K, capacity 1491K, committed 1536K, reserved 1048576K
}
Event: 4.102 GC heap before
{Heap before GC invocations=8 (full 1):
 PSYoungGen      total 69632K, used 17380K [0x00000000fab00000, 0x0000000100000000, 0x0000000100000000)
  eden space 52224K, 0% used [0x00000000fab00000,0x00000000fab00000,0x00000000fde00000)
  from space 17408K, 99% used [0x00000000fde00000,0x00000000feef90d0,0x00000000fef00000)
  to   space 17408K, 0% used [0x00000000fef00000,0x00000000fef00000,0x0000000100000000)
 ParOldGen       total 45568K, used 45310K [0x00000000f0000000, 0x00000000f2c80000, 0x00000000fab00000)
  object space 45568K, 99% used [0x00000000f0000000,0x00000000f2c3f900,0x00000000f2c80000)
 Metaspace       used 12432K, capacity 12754K, committed 12800K, reserved 1060864K
  class space    used 1422K, capacity 1491K, committed 1536K, reserved 1048576K
Event: 4.534 GC heap after
Heap after GC invocations=8 (full 1):
 PSYoungGen      total 69632K, used 9176K [0x00000000fab00000, 0x0000000100000000, 0x0000000100000000)
  eden space 52224K, 0% used [0x00000000fab00000,0x00000000fab00000,0x00000000fde00000)
  from space 17408K, 52% used [0x00000000fde00000,0x00000000fe6f6148,0x00000000fef00000)
  to   space 17408K, 0% used [0x00000000fef00000,0x00000000fef00000,0x0000000100000000)
 ParOldGen       total 87552K, used 45425K [0x00000000f0000000, 0x00000000f5580000, 0x00000000fab00000)
  object space 87552K, 51% used [0x00000000f0000000,0x00000000f2c5c728,0x00000000f5580000)
 Metaspace       used 12432K, capacity 12754K, committed 12800K, reserved 1060864K
  class space    used 1422K, capacity 1491K, committed 1536K, reserved 1048576K
}
Event: 4.955 GC heap before
{Heap before GC invocations=9 (full 1):
 PSYoungGen      total 69632K, used 61400K [0x00000000fab00000, 0x0000000100000000, 0x0000000100000000)
  eden space 52224K, 100% used [0x00000000fab00000,0x00000000fde00000,0x00000000fde00000)
  from space 17408K, 52% used [0x00000000fde00000,0x00000000fe6f6148,0x00000000fef00000)
  to   space 17408K, 0% used [0x00000000fef00000,0x00000000fef00000,0x0000000100000000)
 ParOldGen       total 87552K, used 45425K [0x00000000f0000000, 0x00000000f5580000, 0x00000000fab00000)
  object space 87552K, 51% used [0x00000000f0000000,0x00000000f2c5c728,0x00000000f5580000)
 Metaspace       used 12490K, capacity 12818K, committed 13056K, reserved 1060864K
  class space    used 1423K, capacity 1491K, committed 1536K, reserved 1048576K
Event: 4.984 GC heap after
Heap after GC invocations=9 (full 1):
 PSYoungGen      total 47104K, used 17383K [0x00000000fab00000, 0x0000000100000000, 0x0000000100000000)
  eden space 29696K, 0% used [0x00000000fab00000,0x00000000fab00000,0x00000000fc800000)
  from space 17408K, 99% used [0x00000000fef00000,0x00000000ffff9c98,0x0000000100000000)
  to   space 28672K, 0% used [0x00000000fc800000,0x00000000fc800000,0x00000000fe400000)
 ParOldGen       total 87552K, used 60534K [0x00000000f0000000, 0x00000000f5580000, 0x00000000fab00000)
  object space 87552K, 69% used [0x00000000f0000000,0x00000000f3b1dbf0,0x00000000f5580000)
 Metaspace       used 12490K, capacity 12818K, committed 13056K, reserved 1060864K
  class space    used 1423K, capacity 1491K, committed 1536K, reserved 1048576K
}
Event: 5.095 GC heap before
{Heap before GC invocations=10 (full 1):
 PSYoungGen      total 47104K, used 47079K [0x00000000fab00000, 0x0000000100000000, 0x0000000100000000)
  eden space 29696K, 100% used [0x00000000fab00000,0x00000000fc800000,0x00000000fc800000)
  from space 17408K, 99% used [0x00000000fef00000,0x00000000ffff9c98,0x0000000100000000)
  to   space 28672K, 0% used [0x00000000fc800000,0x00000000fc800000,0x00000000fe400000)
 ParOldGen       total 87552K, used 60534K [0x00000000f0000000, 0x00000000f5580000, 0x00000000fab00000)
  object space 87552K, 69% used [0x00000000f0000000,0x00000000f3b1dbf0,0x00000000f5580000)
 Metaspace       used 12490K, capacity 12818K, committed 13056K, reserved 1060864K
  class space    used 1423K, capacity 1491K, committed 1536K, reserved 1048576K
Event: 5.121 GC heap after
Heap after GC invocations=10 (full 1):
 PSYoungGen      total 58368K, used 27902K [0x00000000fab00000, 0x0000000100000000, 0x0000000100000000)
  eden space 29696K, 0% used [0x00000000fab00000,0x00000000fab00000,0x00000000fc800000)
  from space 28672K, 97% used [0x00000000fc800000,0x00000000fe33fb88,0x00000000fe400000)
  to   space 28672K, 0% used [0x00000000fe400000,0x00000000fe400000,0x0000000100000000)
 ParOldGen       total 87552K, used 63695K [0x00000000f0000000, 0x00000000f5580000, 0x00000000fab00000)
  object space 87552K, 72% used [0x00000000f0000000,0x00000000f3e33c00,0x00000000f5580000)
 Metaspace       used 12490K, capacity 12818K, committed 13056K, reserved 1060864K
  class space    used 1423K, capacity 1491K, committed 1536K, reserved 1048576K
}
Event: 5.503 GC heap before
{Heap before GC invocations=11 (full 1):
 PSYoungGen      total 58368K, used 57598K [0x00000000fab00000, 0x0000000100000000, 0x0000000100000000)
  eden space 29696K, 100% used [0x00000000fab00000,0x00000000fc800000,0x00000000fc800000)
  from space 28672K, 97% used [0x00000000fc800000,0x00000000fe33fb88,0x00000000fe400000)
  to   space 28672K, 0% used [0x00000000fe400000,0x00000000fe400000,0x0000000100000000)
 ParOldGen       total 87552K, used 63695K [0x00000000f0000000, 0x00000000f5580000, 0x00000000fab00000)
  object space 87552K, 72% used [0x00000000f0000000,0x00000000f3e33c00,0x00000000f5580000)
 Metaspace       used 14004K, capacity 14386K, committed 14464K, reserved 1062912K
  class space    used 1559K, capacity 1651K, committed 1664K, reserved 1048576K
Event: 5.641 GC heap after
Heap after GC invocations=11 (full 1):
 PSYoungGen      total 58368K, used 17617K [0x00000000fab00000, 0x0000000100000000, 0x0000000100000000)
  eden space 29696K, 0% used [0x00000000fab00000,0x00000000fab00000,0x00000000fc800000)
  from space 28672K, 61% used [0x00000000fe400000,0x00000000ff5344f0,0x0000000100000000)
  to   space 28672K, 0% used [0x00000000fc800000,0x00000000fc800000,0x00000000fe400000)
 ParOldGen       total 87552K, used 77428K [0x00000000f0000000, 0x00000000f5580000, 0x00000000fab00000)
  object space 87552K, 88% used [0x00000000f0000000,0x00000000f4b9d3d8,0x00000000f5580000)
 Metaspace       used 14004K, capacity 14386K, committed 14464K, reserved 1062912K
  class space    used 1559K, capacity 1651K, committed 1664K, reserved 1048576K
}
Event: 5.641 GC heap before
{Heap before GC invocations=12 (full 2):
 PSYoungGen      total 58368K, used 17617K [0x00000000fab00000, 0x0000000100000000, 0x0000000100000000)
  eden space 29696K, 0% used [0x00000000fab00000,0x00000000fab00000,0x00000000fc800000)
  from space 28672K, 61% used [0x00000000fe400000,0x00000000ff5344f0,0x0000000100000000)
  to   space 28672K, 0% used [0x00000000fc800000,0x00000000fc800000,0x00000000fe400000)
 ParOldGen       total 87552K, used 77428K [0x00000000f0000000, 0x00000000f5580000, 0x00000000fab00000)
  object space 87552K, 88% used [0x00000000f0000000,0x00000000f4b9d3d8,0x00000000f5580000)
 Metaspace       used 14004K, capacity 14386K, committed 14464K, reserved 1062912K
  class space    used 1559K, capacity 1651K, committed 1664K, reserved 1048576K

