# JRE version: Java(TM) SE Runtime Environment (8.0_25-b17) (build 1.8.0_25-b17)
# Java VM: Java HotSpot(TM) 64-Bit Server VM (25.25-b02 mixed mode linux-amd64 compressed oops)
Heap:
 PSYoungGen      total 58368K, used 23340K [0x00000000fab00000, 0x0000000100000000, 0x0000000100000000)
  eden space 29696K, 27% used [0x00000000fab00000,0x00000000fb2ff8e0,0x00000000fc800000)
  from space 28672K, 52% used [0x00000000fc800000,0x00000000fd6cbae0,0x00000000fe400000)
  to   space 28672K, 0% used [0x00000000fe400000,0x00000000fe400000,0x0000000100000000)
 ParOldGen       total 145920K, used 118425K [0x00000000f0000000, 0x00000000f8e80000, 0x00000000fab00000)
  object space 145920K, 81% used [0x00000000f0000000,0x00000000f73a6720,0x00000000f8e80000)
 Metaspace       used 16197K, capacity 16670K, committed 16768K, reserved 1064960K
  class space    used 1728K, capacity 1837K, committed 1920K, reserved 1048576K
GC Heap History (10 events):
Event: 6.901 GC heap before
{Heap before GC invocations=13 (full 2):
 PSYoungGen      total 58368K, used 29696K [0x00000000fab00000, 0x0000000100000000, 0x0000000100000000)
  eden space 29696K, 100% used [0x00000000fab00000,0x00000000fc800000,0x00000000fc800000)
  from space 28672K, 0% used [0x00000000fe400000,0x00000000fe400000,0x0000000100000000)
  to   space 28672K, 0% used [0x00000000fc800000,0x00000000fc800000,0x00000000fe400000)
 ParOldGen       total 145920K, used 83501K [0x00000000f0000000, 0x00000000f8e80000, 0x00000000fab00000)
  object space 145920K, 57% used [0x00000000f0000000,0x00000000f518b610,0x00000000f8e80000)
 Metaspace       used 14552K, capacity 14914K, committed 14976K, reserved 1062912K
  class space    used 1577K, capacity 1651K, committed 1664K, reserved 1048576K
Event: 6.910 GC heap after
Heap after GC invocations=13 (full 2):
 PSYoungGen      total 58368K, used 7406K [0x00000000fab00000, 0x0000000100000000, 0x0000000100000000)
  eden space 29696K, 0% used [0x00000000fab00000,0x00000000fab00000,0x00000000fc800000)
  from space 28672K, 25% used [0x00000000fc800000,0x00000000fcf3bbe8,0x00000000fe400000)
  to   space 28672K, 0% used [0x00000000fe400000,0x00000000fe400000,0x0000000100000000)
 ParOldGen       total 145920K, used 83501K [0x00000000f0000000, 0x00000000f8e80000, 0x00000000fab00000)
  object space 145920K, 57% used [0x00000000f0000000,0x00000000f518b610,0x00000000f8e80000)
 Metaspace       used 14552K, capacity 14914K, committed 14976K, reserved 1062912K
  class space    used 1577K, capacity 1651K, committed 1664K, reserved 1048576K
}
Event: 7.354 GC heap before
{Heap before GC invocations=14 (full 2):
 PSYoungGen      total 58368K, used 37102K [0x00000000fab00000, 0x0000000100000000, 0x0000000100000000)
  eden space 29696K, 100% used [0x00000000fab00000,0x00000000fc800000,0x00000000fc800000)
  from space 28672K, 25% used [0x00000000fc800000,0x00000000fcf3bbe8,0x00000000fe400000)
  to   space 28672K, 0% used [0x00000000fe400000,0x00000000fe400000,0x0000000100000000)
 ParOldGen       total 145920K, used 83501K [0x00000000f0000000, 0x00000000f8e80000, 0x00000000fab00000)
  object space 145920K, 57% used [0x00000000f0000000,0x00000000f518b610,0x00000000f8e80000)
 Metaspace       used 14639K, capacity 14978K, committed 15232K, reserved 1062912K
  class space    used 1577K, capacity 1651K, committed 1664K, reserved 1048576K
Event: 7.387 GC heap after
Heap after GC invocations=14 (full 2):
 PSYoungGen      total 58368K, used 12113K [0x00000000fab00000, 0x0000000100000000, 0x0000000100000000)
  eden space 29696K, 0% used [0x00000000fab00000,0x00000000fab00000,0x00000000fc800000)
  from space 28672K, 42% used [0x00000000fe400000,0x00000000fefd4460,0x0000000100000000)
  to   space 28672K, 0% used [0x00000000fc800000,0x00000000fc800000,0x00000000fe400000)
 ParOldGen       total 145920K, used 89324K [0x00000000f0000000, 0x00000000f8e80000, 0x00000000fab00000)
  object space 145920K, 61% used [0x00000000f0000000,0x00000000f573b3a0,0x00000000f8e80000)
 Metaspace       used 14639K, capacity 14978K, committed 15232K, reserved 1062912K
  class space    used 1577K, capacity 1651K, committed 1664K, reserved 1048576K
}
Event: 7.826 GC heap before
{Heap before GC invocations=15 (full 2):
 PSYoungGen      total 58368K, used 41809K [0x00000000fab00000, 0x0000000100000000, 0x0000000100000000)
  eden space 29696K, 100% used [0x00000000fab00000,0x00000000fc800000,0x00000000fc800000)
  from space 28672K, 42% used [0x00000000fe400000,0x00000000fefd4460,0x0000000100000000)
  to   space 28672K, 0% used [0x00000000fc800000,0x00000000fc800000,0x00000000fe400000)
 ParOldGen       total 145920K, used 89324K [0x00000000f0000000, 0x00000000f8e80000, 0x00000000fab00000)
  object space 145920K, 61% used [0x00000000f0000000,0x00000000f573b3a0,0x00000000f8e80000)
 Metaspace       used 14649K, capacity 14978K, committed 15232K, reserved 1062912K
  class space    used 1577K, capacity 1651K, committed 1664K, reserved 1048576K
Event: 7.906 GC heap after
Heap after GC invocations=15 (full 2):
 PSYoungGen      total 58368K, used 12228K [0x00000000fab00000, 0x0000000100000000, 0x0000000100000000)
  eden space 29696K, 0% used [0x00000000fab00000,0x00000000fab00000,0x00000000fc800000)
  from space 28672K, 42% used [0x00000000fc800000,0x00000000fd3f1238,0x00000000fe400000)
  to   space 28672K, 0% used [0x00000000fe400000,0x00000000fe400000,0x0000000100000000)
 ParOldGen       total 145920K, used 98963K [0x00000000f0000000, 0x00000000f8e80000, 0x00000000fab00000)
  object space 145920K, 67% used [0x00000000f0000000,0x00000000f60a4e88,0x00000000f8e80000)
 Metaspace       used 14649K, capacity 14978K, committed 15232K, reserved 1062912K
  class space    used 1577K, capacity 1651K, committed 1664K, reserved 1048576K
}
Event: 8.227 GC heap before
{Heap before GC invocations=16 (full 2):
 PSYoungGen      total 58368K, used 41924K [0x00000000fab00000, 0x0000000100000000, 0x0000000100000000)
  eden space 29696K, 100% used [0x00000000fab00000,0x00000000fc800000,0x00000000fc800000)
  from space 28672K, 42% used [0x00000000fc800000,0x00000000fd3f1238,0x00000000fe400000)
  to   space 28672K, 0% used [0x00000000fe400000,0x00000000fe400000,0x0000000100000000)
 ParOldGen       total 145920K, used 98963K [0x00000000f0000000, 0x00000000f8e80000, 0x00000000fab00000)
  object space 145920K, 67% used [0x00000000f0000000,0x00000000f60a4e88,0x00000000f8e80000)
 Metaspace       used 14650K, capacity 14978K, committed 15232K, reserved 1062912K
  class space    used 1577K, capacity 1651K, committed 1664K, reserved 1048576K
Event: 8.314 GC heap after
Heap after GC invocations=16 (full 2):
 PSYoungGen      total 58368K, used 12262K [0x00000000fab00000, 0x0000000100000000, 0x0000000100000000)
  eden space 29696K, 0% used [0x00000000fab00000,0x00000000fab00000,0x00000000fc800000)
  from space 28672K, 42% used [0x00000000fe400000,0x00000000feff9bc0,0x0000000100000000)
  to   space 28672K, 0% used [0x00000000fc800000,0x00000000fc800000,0x00000000fe400000)
 ParOldGen       total 145920K, used 108663K [0x00000000f0000000, 0x00000000f8e80000, 0x00000000fab00000)
  object space 145920K, 74% used [0x00000000f0000000,0x00000000f6a1df18,0x00000000f8e80000)
 Metaspace       used 14650K, capacity 14978K, committed 15232K, reserved 1062912K
  class space    used 1577K, capacity 1651K, committed 1664K, reserved 1048576K
}
Event: 9.372 GC heap before
{Heap before GC invocations=17 (full 2):
 PSYoungGen      total 58368K, used 41958K [0x00000000fab00000, 0x0000000100000000, 0x0000000100000000)
  eden space 29696K, 100% used [0x00000000fab00000,0x00000000fc800000,0x00000000fc800000)
  from space 28672K, 42% used [0x00000000fe400000,0x00000000feff9bc0,0x0000000100000000)
  to   space 28672K, 0% used [0x00000000fc800000,0x00000000fc800000,0x00000000fe400000)
 ParOldGen       total 145920K, used 108663K [0x00000000f0000000, 0x00000000f8e80000, 0x00000000fab00000)
  object space 145920K, 74% used [0x00000000f0000000,0x00000000f6a1df18,0x00000000f8e80000)
 Metaspace       used 15529K, capacity 15906K, committed 16128K, reserved 1062912K
  class space    used 1649K, capacity 1747K, committed 1792K, reserved 1048576K
Event: 9.630 GC heap after
Heap after GC invocations=17 (full 2):
 PSYoungGen      total 58368K, used 15150K [0x00000000fab00000, 0x0000000100000000, 0x0000000100000000)
  eden space 29696K, 0% used [0x00000000fab00000,0x00000000fab00000,0x00000000fc800000)
  from space 28672K, 52% used [0x00000000fc800000,0x00000000fd6cbae0,0x00000000fe400000)
  to   space 28672K, 0% used [0x00000000fe400000,0x00000000fe400000,0x0000000100000000)
 ParOldGen       total 145920K, used 118425K [0x00000000f0000000, 0x00000000f8e80000, 0x00000000fab00000)
  object space 145920K, 81% used [0x00000000f0000000,0x00000000f73a6720,0x00000000f8e80000)
 Metaspace       used 15529K, capacity 15906K, committed 16128K, reserved 1062912K
  class space    used 1649K, capacity 1747K, committed 1792K, reserved 1048576K
}

