# JRE version: Java(TM) SE Runtime Environment (8.0_25-b17) (build 1.8.0_25-b17)
# Java VM: Java HotSpot(TM) 64-Bit Server VM (25.25-b02 mixed mode linux-amd64 compressed oops)
Heap:
 PSYoungGen      total 58368K, used 14954K [0x00000000fab00000, 0x0000000100000000, 0x0000000100000000)
  eden space 29696K, 26% used [0x00000000fab00000,0x00000000fb296e08,0x00000000fc800000)
  from space 28672K, 25% used [0x00000000fe400000,0x00000000feb03b10,0x0000000100000000)
  to   space 28672K, 0% used [0x00000000fc800000,0x00000000fc800000,0x00000000fe400000)
 ParOldGen       total 175104K, used 156312K [0x00000000f0000000, 0x00000000fab00000, 0x00000000fab00000)
  object space 175104K, 89% used [0x00000000f0000000,0x00000000f98a60e8,0x00000000fab00000)
 Metaspace       used 17533K, capacity 18074K, committed 18304K, reserved 1064960K
  class space    used 1719K, capacity 1831K, committed 1920K, reserved 1048576K
GC Heap History (10 events):
Event: 6.727 GC heap before
{Heap before GC invocations=19 (full 3):
 PSYoungGen      total 58368K, used 6804K [0x00000000fab00000, 0x0000000100000000, 0x0000000100000000)
  eden space 29696K, 0% used [0x00000000fab00000,0x00000000fab00000,0x00000000fc800000)
  from space 28672K, 23% used [0x00000000fe400000,0x00000000feaa51d0,0x0000000100000000)
  to   space 28672K, 0% used [0x00000000fc800000,0x00000000fc800000,0x00000000fe400000)
 ParOldGen       total 147456K, used 131942K [0x00000000f0000000, 0x00000000f9000000, 0x00000000fab00000)
  object space 147456K, 89% used [0x00000000f0000000,0x00000000f80d9a58,0x00000000f9000000)
 Metaspace       used 16278K, capacity 16812K, committed 16896K, reserved 1064960K
  class space    used 1680K, capacity 1786K, committed 1792K, reserved 1048576K
Event: 7.427 GC heap after
Heap after GC invocations=19 (full 3):
 PSYoungGen      total 58368K, used 0K [0x00000000fab00000, 0x0000000100000000, 0x0000000100000000)
  eden space 29696K, 0% used [0x00000000fab00000,0x00000000fab00000,0x00000000fc800000)
  from space 28672K, 0% used [0x00000000fe400000,0x00000000fe400000,0x0000000100000000)
  to   space 28672K, 0% used [0x00000000fc800000,0x00000000fc800000,0x00000000fe400000)
 ParOldGen       total 175104K, used 130739K [0x00000000f0000000, 0x00000000fab00000, 0x00000000fab00000)
  object space 175104K, 74% used [0x00000000f0000000,0x00000000f7facf80,0x00000000fab00000)
 Metaspace       used 16278K, capacity 16812K, committed 16896K, reserved 1064960K
  class space    used 1680K, capacity 1786K, committed 1792K, reserved 1048576K
}
Event: 8.053 GC heap before
{Heap before GC invocations=20 (full 3):
 PSYoungGen      total 58368K, used 29696K [0x00000000fab00000, 0x0000000100000000, 0x0000000100000000)
  eden space 29696K, 100% used [0x00000000fab00000,0x00000000fc800000,0x00000000fc800000)
  from space 28672K, 0% used [0x00000000fe400000,0x00000000fe400000,0x0000000100000000)
  to   space 28672K, 0% used [0x00000000fc800000,0x00000000fc800000,0x00000000fe400000)
 ParOldGen       total 175104K, used 130739K [0x00000000f0000000, 0x00000000fab00000, 0x00000000fab00000)
  object space 175104K, 74% used [0x00000000f0000000,0x00000000f7facf80,0x00000000fab00000)
 Metaspace       used 16780K, capacity 17276K, committed 17536K, reserved 1064960K
  class space    used 1711K, capacity 1826K, committed 1920K, reserved 1048576K
Event: 8.063 GC heap after
Heap after GC invocations=20 (full 3):
 PSYoungGen      total 58368K, used 7952K [0x00000000fab00000, 0x0000000100000000, 0x0000000100000000)
  eden space 29696K, 0% used [0x00000000fab00000,0x00000000fab00000,0x00000000fc800000)
  from space 28672K, 27% used [0x00000000fc800000,0x00000000fcfc41c8,0x00000000fe400000)
  to   space 28672K, 0% used [0x00000000fe400000,0x00000000fe400000,0x0000000100000000)
 ParOldGen       total 175104K, used 130747K [0x00000000f0000000, 0x00000000fab00000, 0x00000000fab00000)
  object space 175104K, 74% used [0x00000000f0000000,0x00000000f7faef80,0x00000000fab00000)
 Metaspace       used 16780K, capacity 17276K, committed 17536K, reserved 1064960K
  class space    used 1711K, capacity 1826K, committed 1920K, reserved 1048576K
}
Event: 8.355 GC heap before
{Heap before GC invocations=21 (full 3):
 PSYoungGen      total 58368K, used 37648K [0x00000000fab00000, 0x0000000100000000, 0x0000000100000000)
  eden space 29696K, 100% used [0x00000000fab00000,0x00000000fc800000,0x00000000fc800000)
  from space 28672K, 27% used [0x00000000fc800000,0x00000000fcfc41c8,0x00000000fe400000)
  to   space 28672K, 0% used [0x00000000fe400000,0x00000000fe400000,0x0000000100000000)
 ParOldGen       total 175104K, used 130747K [0x00000000f0000000, 0x00000000fab00000, 0x00000000fab00000)
  object space 175104K, 74% used [0x00000000f0000000,0x00000000f7faef80,0x00000000fab00000)
 Metaspace       used 17005K, capacity 17550K, committed 17792K, reserved 1064960K
  class space    used 1714K, capacity 1829K, committed 1920K, reserved 1048576K
Event: 8.680 GC heap after
Heap after GC invocations=21 (full 3):
 PSYoungGen      total 58368K, used 7657K [0x00000000fab00000, 0x0000000100000000, 0x0000000100000000)
  eden space 29696K, 0% used [0x00000000fab00000,0x00000000fab00000,0x00000000fc800000)
  from space 28672K, 26% used [0x00000000fe400000,0x00000000feb7a5e8,0x0000000100000000)
  to   space 28672K, 0% used [0x00000000fc800000,0x00000000fc800000,0x00000000fe400000)
 ParOldGen       total 175104K, used 138915K [0x00000000f0000000, 0x00000000fab00000, 0x00000000fab00000)
  object space 175104K, 79% used [0x00000000f0000000,0x00000000f87a8d80,0x00000000fab00000)
 Metaspace       used 17005K, capacity 17550K, committed 17792K, reserved 1064960K
  class space    used 1714K, capacity 1829K, committed 1920K, reserved 1048576K
}
Event: 8.932 GC heap before
{Heap before GC invocations=22 (full 3):
 PSYoungGen      total 58368K, used 37353K [0x00000000fab00000, 0x0000000100000000, 0x0000000100000000)
  eden space 29696K, 100% used [0x00000000fab00000,0x00000000fc800000,0x00000000fc800000)
  from space 28672K, 26% used [0x00000000fe400000,0x00000000feb7a5e8,0x0000000100000000)
  to   space 28672K, 0% used [0x00000000fc800000,0x00000000fc800000,0x00000000fe400000)
 ParOldGen       total 175104K, used 138915K [0x00000000f0000000, 0x00000000fab00000, 0x00000000fab00000)
  object space 175104K, 79% used [0x00000000f0000000,0x00000000f87a8d80,0x00000000fab00000)
 Metaspace       used 17347K, capacity 17882K, committed 18048K, reserved 1064960K
  class space    used 1719K, capacity 1831K, committed 1920K, reserved 1048576K
Event: 9.115 GC heap after
Heap after GC invocations=22 (full 3):
 PSYoungGen      total 58368K, used 8933K [0x00000000fab00000, 0x0000000100000000, 0x0000000100000000)
  eden space 29696K, 0% used [0x00000000fab00000,0x00000000fab00000,0x00000000fc800000)
  from space 28672K, 31% used [0x00000000fc800000,0x00000000fd0b9710,0x00000000fe400000)
  to   space 28672K, 0% used [0x00000000fe400000,0x00000000fe400000,0x0000000100000000)
 ParOldGen       total 175104K, used 146979K [0x00000000f0000000, 0x00000000fab00000, 0x00000000fab00000)
  object space 175104K, 83% used [0x00000000f0000000,0x00000000f8f88f20,0x00000000fab00000)
 Metaspace       used 17347K, capacity 17882K, committed 18048K, reserved 1064960K
  class space    used 1719K, capacity 1831K, committed 1920K, reserved 1048576K
}
Event: 10.273 GC heap before
{Heap before GC invocations=23 (full 3):
 PSYoungGen      total 58368K, used 38595K [0x00000000fab00000, 0x0000000100000000, 0x0000000100000000)
  eden space 29696K, 99% used [0x00000000fab00000,0x00000000fc7f7858,0x00000000fc800000)
  from space 28672K, 31% used [0x00000000fc800000,0x00000000fd0b9710,0x00000000fe400000)
  to   space 28672K, 0% used [0x00000000fe400000,0x00000000fe400000,0x0000000100000000)
 ParOldGen       total 175104K, used 146979K [0x00000000f0000000, 0x00000000fab00000, 0x00000000fab00000)
  object space 175104K, 83% used [0x00000000f0000000,0x00000000f8f88f20,0x00000000fab00000)
 Metaspace       used 17495K, capacity 18074K, committed 18304K, reserved 1064960K
  class space    used 1719K, capacity 1831K, committed 1920K, reserved 1048576K
Event: 10.773 GC heap after
Heap after GC invocations=23 (full 3):
 PSYoungGen      total 58368K, used 7182K [0x00000000fab00000, 0x0000000100000000, 0x0000000100000000)
  eden space 29696K, 0% used [0x00000000fab00000,0x00000000fab00000,0x00000000fc800000)
  from space 28672K, 25% used [0x00000000fe400000,0x00000000feb03b10,0x0000000100000000)
  to   space 28672K, 0% used [0x00000000fc800000,0x00000000fc800000,0x00000000fe400000)
 ParOldGen       total 175104K, used 156312K [0x00000000f0000000, 0x00000000fab00000, 0x00000000fab00000)
  object space 175104K, 89% used [0x00000000f0000000,0x00000000f98a60e8,0x00000000fab00000)
 Metaspace       used 17495K, capacity 18074K, committed 18304K, reserved 1064960K
  class space    used 1719K, capacity 1831K, committed 1920K, reserved 1048576K
}

